{"/Users/melanie.rogan/Documents/acebook-tribute/app.js": {"path":"/Users/melanie.rogan/Documents/acebook-tribute/app.js","statementMap":{"0":{"start":{"line":1,"column":16},"end":{"line":1,"column":34}},"1":{"start":{"line":2,"column":19},"end":{"line":2,"column":41}},"2":{"start":{"line":3,"column":15},"end":{"line":3,"column":44}},"3":{"start":{"line":4,"column":13},"end":{"line":4,"column":28}},"4":{"start":{"line":5,"column":12},"end":{"line":5,"column":21}},"5":{"start":{"line":6,"column":14},"end":{"line":6,"column":38}},"6":{"start":{"line":7,"column":15},"end":{"line":7,"column":62}},"7":{"start":{"line":8,"column":19},"end":{"line":8,"column":66}},"8":{"start":{"line":9,"column":16},"end":{"line":9,"column":66}},"9":{"start":{"line":10,"column":16},"end":{"line":10,"column":48}},"10":{"start":{"line":11,"column":15},"end":{"line":11,"column":32}},"11":{"start":{"line":12,"column":17},"end":{"line":12,"column":36}},"12":{"start":{"line":13,"column":22},"end":{"line":13,"column":56}},"13":{"start":{"line":14,"column":13},"end":{"line":14,"column":37}},"14":{"start":{"line":15,"column":17},"end":{"line":15,"column":36}},"15":{"start":{"line":16,"column":16},"end":{"line":16,"column":40}},"16":{"start":{"line":18,"column":0},"end":{"line":18,"column":27}},"17":{"start":{"line":19,"column":0},"end":{"line":19,"column":52}},"18":{"start":{"line":20,"column":0},"end":{"line":20,"column":29}},"19":{"start":{"line":21,"column":0},"end":{"line":21,"column":51}},"20":{"start":{"line":22,"column":0},"end":{"line":22,"column":34}},"21":{"start":{"line":24,"column":0},"end":{"line":24,"column":31}},"22":{"start":{"line":25,"column":0},"end":{"line":30,"column":4}},"23":{"start":{"line":31,"column":0},"end":{"line":31,"column":19}},"24":{"start":{"line":32,"column":0},"end":{"line":32,"column":31}},"25":{"start":{"line":33,"column":0},"end":{"line":33,"column":28}},"26":{"start":{"line":34,"column":0},"end":{"line":34,"column":17}},"27":{"start":{"line":38,"column":0},"end":{"line":38,"column":33}},"28":{"start":{"line":39,"column":0},"end":{"line":39,"column":33}},"29":{"start":{"line":42,"column":0},"end":{"line":42,"column":56}},"30":{"start":{"line":43,"column":0},"end":{"line":43,"column":49}},"31":{"start":{"line":44,"column":0},"end":{"line":44,"column":53}},"32":{"start":{"line":46,"column":0},"end":{"line":46,"column":100}},"33":{"start":{"line":48,"column":11},"end":{"line":48,"column":30}},"34":{"start":{"line":50,"column":15},"end":{"line":51,"column":45}},"35":{"start":{"line":51,"column":2},"end":{"line":51,"column":42}},"36":{"start":{"line":53,"column":0},"end":{"line":55,"column":3}},"37":{"start":{"line":54,"column":2},"end":{"line":54,"column":22}},"38":{"start":{"line":57,"column":0},"end":{"line":59,"column":3}},"39":{"start":{"line":58,"column":2},"end":{"line":58,"column":24}},"40":{"start":{"line":61,"column":0},"end":{"line":61,"column":29}},"41":{"start":{"line":63,"column":0},"end":{"line":63,"column":31}},"42":{"start":{"line":67,"column":0},"end":{"line":76,"column":3}},"43":{"start":{"line":73,"column":35},"end":{"line":73,"column":43}},"44":{"start":{"line":74,"column":2},"end":{"line":75,"column":6}},"45":{"start":{"line":78,"column":0},"end":{"line":78,"column":83}},"46":{"start":{"line":78,"column":34},"end":{"line":78,"column":81}},"47":{"start":{"line":80,"column":0},"end":{"line":100,"column":3}},"48":{"start":{"line":81,"column":17},"end":{"line":81,"column":51}},"49":{"start":{"line":82,"column":16},"end":{"line":82,"column":30}},"50":{"start":{"line":83,"column":19},"end":{"line":83,"column":36}},"51":{"start":{"line":84,"column":2},"end":{"line":84,"column":32}},"52":{"start":{"line":85,"column":2},"end":{"line":99,"column":7}},"53":{"start":{"line":87,"column":8},"end":{"line":87,"column":55}},"54":{"start":{"line":90,"column":8},"end":{"line":92,"column":9}},"55":{"start":{"line":91,"column":12},"end":{"line":91,"column":35}},"56":{"start":{"line":93,"column":8},"end":{"line":93,"column":73}},"57":{"start":{"line":94,"column":8},"end":{"line":94,"column":28}},"58":{"start":{"line":97,"column":8},"end":{"line":97,"column":51}},"59":{"start":{"line":98,"column":8},"end":{"line":98,"column":27}},"60":{"start":{"line":102,"column":0},"end":{"line":106,"column":3}},"61":{"start":{"line":103,"column":2},"end":{"line":103,"column":15}},"62":{"start":{"line":104,"column":2},"end":{"line":104,"column":21}},"63":{"start":{"line":105,"column":2},"end":{"line":105,"column":20}},"64":{"start":{"line":109,"column":0},"end":{"line":109,"column":33}}},"fnMap":{"0":{"name":"(anonymous_0)","decl":{"start":{"line":50,"column":31},"end":{"line":50,"column":32}},"loc":{"start":{"line":50,"column":42},"end":{"line":51,"column":44}},"line":50},"1":{"name":"(anonymous_1)","decl":{"start":{"line":53,"column":13},"end":{"line":53,"column":14}},"loc":{"start":{"line":53,"column":33},"end":{"line":55,"column":1}},"line":53},"2":{"name":"(anonymous_2)","decl":{"start":{"line":57,"column":20},"end":{"line":57,"column":21}},"loc":{"start":{"line":57,"column":34},"end":{"line":59,"column":1}},"line":57},"3":{"name":"(anonymous_3)","decl":{"start":{"line":72,"column":13},"end":{"line":72,"column":14}},"loc":{"start":{"line":72,"column":27},"end":{"line":76,"column":1}},"line":72},"4":{"name":"(anonymous_4)","decl":{"start":{"line":78,"column":18},"end":{"line":78,"column":19}},"loc":{"start":{"line":78,"column":32},"end":{"line":78,"column":82}},"line":78},"5":{"name":"(anonymous_5)","decl":{"start":{"line":80,"column":19},"end":{"line":80,"column":20}},"loc":{"start":{"line":80,"column":45},"end":{"line":100,"column":1}},"line":80},"6":{"name":"(anonymous_6)","decl":{"start":{"line":86,"column":10},"end":{"line":86,"column":11}},"loc":{"start":{"line":86,"column":25},"end":{"line":88,"column":5}},"line":86},"7":{"name":"(anonymous_7)","decl":{"start":{"line":89,"column":10},"end":{"line":89,"column":11}},"loc":{"start":{"line":89,"column":33},"end":{"line":95,"column":5}},"line":89},"8":{"name":"(anonymous_8)","decl":{"start":{"line":96,"column":11},"end":{"line":96,"column":12}},"loc":{"start":{"line":96,"column":26},"end":{"line":99,"column":5}},"line":96},"9":{"name":"(anonymous_9)","decl":{"start":{"line":102,"column":19},"end":{"line":102,"column":20}},"loc":{"start":{"line":102,"column":38},"end":{"line":106,"column":1}},"line":102}},"branchMap":{"0":{"loc":{"start":{"line":14,"column":13},"end":{"line":14,"column":37}},"type":"binary-expr","locations":[{"start":{"line":14,"column":13},"end":{"line":14,"column":29}},{"start":{"line":14,"column":33},"end":{"line":14,"column":37}}],"line":14},"1":{"loc":{"start":{"line":46,"column":17},"end":{"line":46,"column":73}},"type":"binary-expr","locations":[{"start":{"line":46,"column":17},"end":{"line":46,"column":40}},{"start":{"line":46,"column":44},"end":{"line":46,"column":73}}],"line":46},"2":{"loc":{"start":{"line":90,"column":8},"end":{"line":92,"column":9}},"type":"if","locations":[{"start":{"line":90,"column":8},"end":{"line":92,"column":9}},{"start":{"line":90,"column":8},"end":{"line":92,"column":9}}],"line":90}},"s":{"0":1,"1":1,"2":1,"3":1,"4":1,"5":1,"6":1,"7":1,"8":1,"9":1,"10":1,"11":1,"12":1,"13":1,"14":1,"15":1,"16":1,"17":1,"18":1,"19":1,"20":1,"21":1,"22":1,"23":1,"24":1,"25":1,"26":1,"27":1,"28":1,"29":1,"30":1,"31":1,"32":1,"33":1,"34":1,"35":1,"36":1,"37":1,"38":1,"39":0,"40":1,"41":1,"42":1,"43":0,"44":0,"45":1,"46":0,"47":1,"48":0,"49":0,"50":0,"51":0,"52":0,"53":0,"54":0,"55":0,"56":0,"57":0,"58":0,"59":0,"60":1,"61":0,"62":0,"63":0,"64":1},"f":{"0":1,"1":1,"2":0,"3":0,"4":0,"5":0,"6":0,"7":0,"8":0,"9":0},"b":{"0":[1,1],"1":[1,1],"2":[0,0]},"_coverageSchema":"43e27e138ebf9cfc5966b082cf9a028302ed4184","hash":"ec2d8cc8ca12ad4853a56f5e4a25bdb8f7c6e8c2"}
,"/Users/melanie.rogan/Documents/acebook-tribute/sum.js": {"path":"/Users/melanie.rogan/Documents/acebook-tribute/sum.js","statementMap":{"0":{"start":{"line":2,"column":2},"end":{"line":2,"column":15}},"1":{"start":{"line":4,"column":0},"end":{"line":4,"column":21}}},"fnMap":{"0":{"name":"sum","decl":{"start":{"line":1,"column":9},"end":{"line":1,"column":12}},"loc":{"start":{"line":1,"column":19},"end":{"line":3,"column":1}},"line":1}},"branchMap":{},"s":{"0":1,"1":1},"f":{"0":1},"b":{},"_coverageSchema":"43e27e138ebf9cfc5966b082cf9a028302ed4184","hash":"240ea5d382bd307f814bd846d50c311554ee1f6f"}
,"/Users/melanie.rogan/Documents/acebook-tribute/server/controllers/getPostsController.js": {"path":"/Users/melanie.rogan/Documents/acebook-tribute/server/controllers/getPostsController.js","statementMap":{"0":{"start":{"line":1,"column":14},"end":{"line":1,"column":42}},"1":{"start":{"line":3,"column":16},"end":{"line":11,"column":1}},"2":{"start":{"line":5,"column":2},"end":{"line":10,"column":3}},"3":{"start":{"line":6,"column":24},"end":{"line":6,"column":78}},"4":{"start":{"line":7,"column":4},"end":{"line":7,"column":50}},"5":{"start":{"line":9,"column":4},"end":{"line":9,"column":43}},"6":{"start":{"line":13,"column":19},"end":{"line":22,"column":1}},"7":{"start":{"line":15,"column":2},"end":{"line":21,"column":3}},"8":{"start":{"line":16,"column":23},"end":{"line":16,"column":49}},"9":{"start":{"line":17,"column":4},"end":{"line":17,"column":49}},"10":{"start":{"line":19,"column":4},"end":{"line":19,"column":43}},"11":{"start":{"line":24,"column":0},"end":{"line":24,"column":37}}},"fnMap":{"0":{"name":"(anonymous_0)","decl":{"start":{"line":3,"column":16},"end":{"line":3,"column":17}},"loc":{"start":{"line":3,"column":36},"end":{"line":11,"column":1}},"line":3},"1":{"name":"(anonymous_1)","decl":{"start":{"line":13,"column":19},"end":{"line":13,"column":20}},"loc":{"start":{"line":13,"column":39},"end":{"line":22,"column":1}},"line":13}},"branchMap":{},"s":{"0":1,"1":1,"2":0,"3":0,"4":0,"5":0,"6":1,"7":0,"8":0,"9":0,"10":0,"11":1},"f":{"0":0,"1":0},"b":{},"_coverageSchema":"43e27e138ebf9cfc5966b082cf9a028302ed4184","hash":"6bb5475053a3365d788b9022a852d6e8e434ab75"}
,"/Users/melanie.rogan/Documents/acebook-tribute/server/controllers/postsController.js": {"path":"/Users/melanie.rogan/Documents/acebook-tribute/server/controllers/postsController.js","statementMap":{"0":{"start":{"line":1,"column":14},"end":{"line":1,"column":42}},"1":{"start":{"line":3,"column":19},"end":{"line":17,"column":1}},"2":{"start":{"line":4,"column":29},"end":{"line":4,"column":37}},"3":{"start":{"line":5,"column":18},"end":{"line":5,"column":47}},"4":{"start":{"line":7,"column":2},"end":{"line":16,"column":3}},"5":{"start":{"line":8,"column":4},"end":{"line":8,"column":25}},"6":{"start":{"line":10,"column":4},"end":{"line":10,"column":26}},"7":{"start":{"line":11,"column":4},"end":{"line":11,"column":11}},"8":{"start":{"line":13,"column":4},"end":{"line":13,"column":43}},"9":{"start":{"line":15,"column":4},"end":{"line":15,"column":38}},"10":{"start":{"line":20,"column":0},"end":{"line":20,"column":28}}},"fnMap":{"0":{"name":"(anonymous_0)","decl":{"start":{"line":3,"column":19},"end":{"line":3,"column":20}},"loc":{"start":{"line":3,"column":45},"end":{"line":17,"column":1}},"line":3}},"branchMap":{},"s":{"0":1,"1":1,"2":0,"3":0,"4":0,"5":0,"6":0,"7":0,"8":0,"9":0,"10":1},"f":{"0":0},"b":{},"_coverageSchema":"43e27e138ebf9cfc5966b082cf9a028302ed4184","hash":"fba18afb2ed46a83565f1e8b8fa05338a51025bb"}
,"/Users/melanie.rogan/Documents/acebook-tribute/server/controllers/usersController.js": {"path":"/Users/melanie.rogan/Documents/acebook-tribute/server/controllers/usersController.js","statementMap":{"0":{"start":{"line":1,"column":14},"end":{"line":1,"column":42}},"1":{"start":{"line":2,"column":15},"end":{"line":2,"column":32}},"2":{"start":{"line":4,"column":15},"end":{"line":24,"column":1}},"3":{"start":{"line":5,"column":35},"end":{"line":5,"column":43}},"4":{"start":{"line":6,"column":20},"end":{"line":6,"column":55}},"5":{"start":{"line":7,"column":29},"end":{"line":7,"column":31}},"6":{"start":{"line":8,"column":17},"end":{"line":8,"column":50}},"7":{"start":{"line":10,"column":2},"end":{"line":23,"column":3}},"8":{"start":{"line":12,"column":4},"end":{"line":14,"column":7}},"9":{"start":{"line":13,"column":6},"end":{"line":13,"column":26}},"10":{"start":{"line":16,"column":4},"end":{"line":16,"column":80}},"11":{"start":{"line":17,"column":4},"end":{"line":17,"column":26}},"12":{"start":{"line":18,"column":4},"end":{"line":18,"column":11}},"13":{"start":{"line":20,"column":4},"end":{"line":20,"column":43}},"14":{"start":{"line":22,"column":4},"end":{"line":22,"column":38}},"15":{"start":{"line":26,"column":0},"end":{"line":26,"column":24}}},"fnMap":{"0":{"name":"(anonymous_0)","decl":{"start":{"line":4,"column":15},"end":{"line":4,"column":16}},"loc":{"start":{"line":4,"column":41},"end":{"line":24,"column":1}},"line":4},"1":{"name":"(anonymous_1)","decl":{"start":{"line":12,"column":46},"end":{"line":12,"column":47}},"loc":{"start":{"line":12,"column":66},"end":{"line":14,"column":5}},"line":12}},"branchMap":{},"s":{"0":1,"1":1,"2":1,"3":0,"4":0,"5":0,"6":0,"7":0,"8":0,"9":0,"10":0,"11":0,"12":0,"13":0,"14":0,"15":1},"f":{"0":0,"1":0},"b":{},"_coverageSchema":"43e27e138ebf9cfc5966b082cf9a028302ed4184","hash":"efcb9d7e4832a58f395bf9f70a1ecae71c21e8a6"}
,"/Users/melanie.rogan/Documents/acebook-tribute/server/models/posts.js": {"path":"/Users/melanie.rogan/Documents/acebook-tribute/server/models/posts.js","statementMap":{"0":{"start":{"line":1,"column":17},"end":{"line":1,"column":36}},"1":{"start":{"line":2,"column":15},"end":{"line":2,"column":30}},"2":{"start":{"line":4,"column":20},"end":{"line":9,"column":2}},"3":{"start":{"line":12,"column":0},"end":{"line":12,"column":54}}},"fnMap":{},"branchMap":{},"s":{"0":1,"1":1,"2":1,"3":1},"f":{},"b":{},"_coverageSchema":"43e27e138ebf9cfc5966b082cf9a028302ed4184","hash":"835bbeec447cc40b9901a72467446fce194b9ed4"}
,"/Users/melanie.rogan/Documents/acebook-tribute/server/models/users.js": {"path":"/Users/melanie.rogan/Documents/acebook-tribute/server/models/users.js","statementMap":{"0":{"start":{"line":1,"column":17},"end":{"line":1,"column":36}},"1":{"start":{"line":2,"column":15},"end":{"line":2,"column":30}},"2":{"start":{"line":3,"column":15},"end":{"line":3,"column":32}},"3":{"start":{"line":4,"column":25},"end":{"line":4,"column":27}},"4":{"start":{"line":5,"column":30},"end":{"line":5,"column":64}},"5":{"start":{"line":7,"column":20},"end":{"line":11,"column":2}},"6":{"start":{"line":13,"column":0},"end":{"line":32,"column":3}},"7":{"start":{"line":14,"column":15},"end":{"line":14,"column":19}},"8":{"start":{"line":17,"column":2},"end":{"line":17,"column":50}},"9":{"start":{"line":17,"column":36},"end":{"line":17,"column":50}},"10":{"start":{"line":20,"column":2},"end":{"line":31,"column":5}},"11":{"start":{"line":21,"column":6},"end":{"line":21,"column":32}},"12":{"start":{"line":21,"column":15},"end":{"line":21,"column":32}},"13":{"start":{"line":24,"column":6},"end":{"line":30,"column":9}},"14":{"start":{"line":25,"column":10},"end":{"line":25,"column":36}},"15":{"start":{"line":25,"column":19},"end":{"line":25,"column":36}},"16":{"start":{"line":28,"column":10},"end":{"line":28,"column":31}},"17":{"start":{"line":29,"column":10},"end":{"line":29,"column":17}},"18":{"start":{"line":34,"column":0},"end":{"line":39,"column":2}},"19":{"start":{"line":35,"column":2},"end":{"line":38,"column":5}},"20":{"start":{"line":36,"column":6},"end":{"line":36,"column":30}},"21":{"start":{"line":36,"column":15},"end":{"line":36,"column":30}},"22":{"start":{"line":37,"column":6},"end":{"line":37,"column":24}},"23":{"start":{"line":41,"column":0},"end":{"line":41,"column":42}},"24":{"start":{"line":44,"column":0},"end":{"line":44,"column":54}}},"fnMap":{"0":{"name":"(anonymous_0)","decl":{"start":{"line":13,"column":24},"end":{"line":13,"column":25}},"loc":{"start":{"line":13,"column":39},"end":{"line":32,"column":1}},"line":13},"1":{"name":"(anonymous_1)","decl":{"start":{"line":20,"column":35},"end":{"line":20,"column":36}},"loc":{"start":{"line":20,"column":55},"end":{"line":31,"column":3}},"line":20},"2":{"name":"(anonymous_2)","decl":{"start":{"line":24,"column":39},"end":{"line":24,"column":40}},"loc":{"start":{"line":24,"column":59},"end":{"line":30,"column":7}},"line":24},"3":{"name":"(anonymous_3)","decl":{"start":{"line":34,"column":38},"end":{"line":34,"column":39}},"loc":{"start":{"line":34,"column":70},"end":{"line":39,"column":1}},"line":34},"4":{"name":"(anonymous_4)","decl":{"start":{"line":35,"column":51},"end":{"line":35,"column":52}},"loc":{"start":{"line":35,"column":74},"end":{"line":38,"column":3}},"line":35}},"branchMap":{"0":{"loc":{"start":{"line":17,"column":2},"end":{"line":17,"column":50}},"type":"if","locations":[{"start":{"line":17,"column":2},"end":{"line":17,"column":50}},{"start":{"line":17,"column":2},"end":{"line":17,"column":50}}],"line":17},"1":{"loc":{"start":{"line":21,"column":6},"end":{"line":21,"column":32}},"type":"if","locations":[{"start":{"line":21,"column":6},"end":{"line":21,"column":32}},{"start":{"line":21,"column":6},"end":{"line":21,"column":32}}],"line":21},"2":{"loc":{"start":{"line":25,"column":10},"end":{"line":25,"column":36}},"type":"if","locations":[{"start":{"line":25,"column":10},"end":{"line":25,"column":36}},{"start":{"line":25,"column":10},"end":{"line":25,"column":36}}],"line":25},"3":{"loc":{"start":{"line":36,"column":6},"end":{"line":36,"column":30}},"type":"if","locations":[{"start":{"line":36,"column":6},"end":{"line":36,"column":30}},{"start":{"line":36,"column":6},"end":{"line":36,"column":30}}],"line":36}},"s":{"0":1,"1":1,"2":1,"3":1,"4":1,"5":1,"6":1,"7":0,"8":0,"9":0,"10":0,"11":0,"12":0,"13":0,"14":0,"15":0,"16":0,"17":0,"18":1,"19":0,"20":0,"21":0,"22":0,"23":1,"24":1},"f":{"0":0,"1":0,"2":0,"3":0,"4":0},"b":{"0":[0,0],"1":[0,0],"2":[0,0],"3":[0,0]},"_coverageSchema":"43e27e138ebf9cfc5966b082cf9a028302ed4184","hash":"fa0135d468966ecdf7b43d33eebd6dce529e0ddc"}
}
